  main.cpp
C:\Users\Admin\Desktop\First_Game\First_Game\main.cpp(36,69): warning C4244: 'argument': conversion from 'T' to 'float', possible loss of data
C:\Users\Admin\Desktop\First_Game\First_Game\main.cpp(36,69): warning C4244:         with
C:\Users\Admin\Desktop\First_Game\First_Game\main.cpp(36,69): warning C4244:         [
C:\Users\Admin\Desktop\First_Game\First_Game\main.cpp(36,69): warning C4244:             T=unsigned int
C:\Users\Admin\Desktop\First_Game\First_Game\main.cpp(36,69): warning C4244:         ]
C:\Users\Admin\Desktop\First_Game\First_Game\main.cpp(36,45): warning C4244: 'argument': conversion from 'T' to 'float', possible loss of data
C:\Users\Admin\Desktop\First_Game\First_Game\main.cpp(36,45): warning C4244:         with
C:\Users\Admin\Desktop\First_Game\First_Game\main.cpp(36,45): warning C4244:         [
C:\Users\Admin\Desktop\First_Game\First_Game\main.cpp(36,45): warning C4244:             T=unsigned int
C:\Users\Admin\Desktop\First_Game\First_Game\main.cpp(36,45): warning C4244:         ]
C:\Users\Admin\Desktop\First_Game\First_Game\main.cpp(42,65): warning C4244: 'argument': conversion from 'int' to 'float', possible loss of data
C:\Users\Admin\Desktop\First_Game\First_Game\main.cpp(42,43): warning C4244: 'argument': conversion from 'int' to 'float', possible loss of data
C:\Users\Admin\Desktop\First_Game\First_Game\main.cpp(130,23): warning C4305: 'argument': truncation from 'double' to 'float'
C:\Users\Admin\Desktop\First_Game\First_Game\main.cpp(134,23): warning C4305: 'argument': truncation from 'double' to 'float'
C:\Users\Admin\Desktop\First_Game\First_Game\main.cpp(179,18): warning C4244: 'initializing': conversion from 'double' to 'float', possible loss of data
C:\Users\Admin\Desktop\First_Game\First_Game\main.cpp(180,18): warning C4244: 'initializing': conversion from 'double' to 'float', possible loss of data
C:\Users\Admin\Desktop\First_Game\First_Game\main.cpp(182,37): warning C4244: 'argument': conversion from 'double' to 'float', possible loss of data
C:\Users\Admin\Desktop\First_Game\First_Game\main.cpp(182,24): warning C4244: 'argument': conversion from 'double' to 'float', possible loss of data
  First_Game.vcxproj -> C:\Users\Admin\Desktop\First_Game\x64\Debug\First_Game.exe
